This file contains any messages produced by compilers while
running configure, to aid debugging if configure makes a mistake.

It was created by FULL-PACKAGE-NAME configure VERSION, which was
generated by GNU Autoconf 2.57.  Invocation command line was

  $ ./configure 

## --------- ##
## Platform. ##
## --------- ##

hostname = adarshkr06-VirtualBox
uname -m = x86_64
uname -r = 3.16.0-43-generic
uname -s = Linux
uname -v = #58-Ubuntu SMP Fri Jun 19 11:04:02 UTC 2015

/usr/bin/uname -p = unknown
/bin/uname -X     = unknown

/bin/arch              = unknown
/usr/bin/arch -k       = unknown
/usr/convex/getsysinfo = unknown
hostinfo               = unknown
/bin/machine           = unknown
/usr/bin/oslevel       = unknown
/bin/universe          = unknown

PATH: /usr/local/sbin
PATH: /usr/local/bin
PATH: /usr/sbin
PATH: /usr/bin
PATH: /sbin
PATH: /bin
PATH: /usr/games
PATH: /usr/local/games
PATH: /home/adarshkr06/ns-allinone-2.35/xgraph-12.2/
PATH: /home/adarshkr06/ns-allinone-2.35/bin/
PATH: /home/adarshkr06/ns-allinone-2.35/tcl8.5.10/unix/
PATH: /home/adarshkr06/ns-allinone-2.35/tk8.5.10/unix/
PATH: /home/adarshkr06/ns-allinone-2.35/ns-2.35/
PATH: /home/adarshkr06/ns-allinone-2.35/nam-1.15/


## ----------- ##
## Core tests. ##
## ----------- ##

configure:1336: checking for g++
configure:1352: found /usr/bin/g++
configure:1362: result: g++
configure:1378: checking for C++ compiler version
configure:1381: g++ --version </dev/null >&5
g++ (Ubuntu 4.9.1-16ubuntu6) 4.9.1
Copyright (C) 2014 Free Software Foundation, Inc.
This is free software; see the source for copying conditions.  There is NO
warranty; not even for MERCHANTABILITY or FITNESS FOR A PARTICULAR PURPOSE.

configure:1384: $? = 0
configure:1386: g++ -v </dev/null >&5
Using built-in specs.
COLLECT_GCC=g++
COLLECT_LTO_WRAPPER=/usr/lib/gcc/x86_64-linux-gnu/4.9/lto-wrapper
Target: x86_64-linux-gnu
Configured with: ../src/configure -v --with-pkgversion='Ubuntu 4.9.1-16ubuntu6' --with-bugurl=file:///usr/share/doc/gcc-4.9/README.Bugs --enable-languages=c,c++,java,go,d,fortran,objc,obj-c++ --prefix=/usr --program-suffix=-4.9 --enable-shared --enable-linker-build-id --libexecdir=/usr/lib --without-included-gettext --enable-threads=posix --with-gxx-include-dir=/usr/include/c++/4.9 --libdir=/usr/lib --enable-nls --with-sysroot=/ --enable-clocale=gnu --enable-libstdcxx-debug --enable-libstdcxx-time=yes --enable-gnu-unique-object --disable-vtable-verify --enable-plugin --with-system-zlib --disable-browser-plugin --enable-java-awt=gtk --enable-gtk-cairo --with-java-home=/usr/lib/jvm/java-1.5.0-gcj-4.9-amd64/jre --enable-java-home --with-jvm-root-dir=/usr/lib/jvm/java-1.5.0-gcj-4.9-amd64 --with-jvm-jar-dir=/usr/lib/jvm-exports/java-1.5.0-gcj-4.9-amd64 --with-arch-directory=amd64 --with-ecj-jar=/usr/share/java/eclipse-ecj.jar --enable-objc-gc --enable-multiarch --disable-werror --with-arch-32=i686 --with-abi=m64 --with-multilib-list=m32,m64,mx32 --enable-multilib --with-tune=generic --enable-checking=release --build=x86_64-linux-gnu --host=x86_64-linux-gnu --target=x86_64-linux-gnu
Thread model: posix
gcc version 4.9.1 (Ubuntu 4.9.1-16ubuntu6) 
configure:1389: $? = 0
configure:1391: g++ -V </dev/null >&5
g++: error: unrecognized command line option '-V'
g++: fatal error: no input files
compilation terminated.
configure:1394: $? = 4
configure:1418: checking for C++ compiler default output
configure:1421: g++    conftest.cc  >&5
configure:1424: $? = 0
configure:1470: result: a.out
configure:1475: checking whether the C++ compiler works
configure:1481: ./a.out
configure:1484: $? = 0
configure:1501: result: yes
configure:1508: checking whether we are cross compiling
configure:1510: result: no
configure:1513: checking for suffix of executables
configure:1515: g++ -o conftest    conftest.cc  >&5
configure:1518: $? = 0
configure:1543: result: 
configure:1549: checking for suffix of object files
configure:1571: g++ -c   conftest.cc >&5
configure:1574: $? = 0
configure:1596: result: o
configure:1600: checking whether we are using the GNU C++ compiler
configure:1625: g++ -c   conftest.cc >&5
configure:1628: $? = 0
configure:1631: test -s conftest.o
configure:1634: $? = 0
configure:1647: result: yes
configure:1653: checking whether g++ accepts -g
configure:1675: g++ -c -g  conftest.cc >&5
configure:1678: $? = 0
configure:1681: test -s conftest.o
configure:1684: $? = 0
configure:1695: result: yes
configure:1739: g++ -c -g -O2  conftest.cc >&5
configure:1742: $? = 0
configure:1745: test -s conftest.o
configure:1748: $? = 0
configure:1775: g++ -c -g -O2  conftest.cc >&5
configure: In function 'int main()':
configure:1770:9: error: 'exit' was not declared in this scope
   ;
         ^
configure:1778: $? = 1
configure: failed program was:
| #line 1758 "configure"
| /* confdefs.h.  */
| 
| #define PACKAGE_NAME "FULL-PACKAGE-NAME"
| #define PACKAGE_TARNAME "full-package-name"
| #define PACKAGE_VERSION "VERSION"
| #define PACKAGE_STRING "FULL-PACKAGE-NAME VERSION"
| #define PACKAGE_BUGREPORT "BUG-REPORT-ADDRESS"
| /* end confdefs.h.  */
| 
| int
| main ()
| {
| exit (42);
|   ;
|   return 0;
| }
configure:1739: g++ -c -g -O2  conftest.cc >&5
configure:1742: $? = 0
configure:1745: test -s conftest.o
configure:1748: $? = 0
configure:1775: g++ -c -g -O2  conftest.cc >&5
configure:1778: $? = 0
configure:1781: test -s conftest.o
configure:1784: $? = 0
configure:1853: checking for gcc
configure:1869: found /usr/bin/gcc
configure:1879: result: gcc
configure:2123: checking for C compiler version
configure:2126: gcc --version </dev/null >&5
gcc (Ubuntu 4.9.1-16ubuntu6) 4.9.1
Copyright (C) 2014 Free Software Foundation, Inc.
This is free software; see the source for copying conditions.  There is NO
warranty; not even for MERCHANTABILITY or FITNESS FOR A PARTICULAR PURPOSE.

configure:2129: $? = 0
configure:2131: gcc -v </dev/null >&5
Using built-in specs.
COLLECT_GCC=gcc
COLLECT_LTO_WRAPPER=/usr/lib/gcc/x86_64-linux-gnu/4.9/lto-wrapper
Target: x86_64-linux-gnu
Configured with: ../src/configure -v --with-pkgversion='Ubuntu 4.9.1-16ubuntu6' --with-bugurl=file:///usr/share/doc/gcc-4.9/README.Bugs --enable-languages=c,c++,java,go,d,fortran,objc,obj-c++ --prefix=/usr --program-suffix=-4.9 --enable-shared --enable-linker-build-id --libexecdir=/usr/lib --without-included-gettext --enable-threads=posix --with-gxx-include-dir=/usr/include/c++/4.9 --libdir=/usr/lib --enable-nls --with-sysroot=/ --enable-clocale=gnu --enable-libstdcxx-debug --enable-libstdcxx-time=yes --enable-gnu-unique-object --disable-vtable-verify --enable-plugin --with-system-zlib --disable-browser-plugin --enable-java-awt=gtk --enable-gtk-cairo --with-java-home=/usr/lib/jvm/java-1.5.0-gcj-4.9-amd64/jre --enable-java-home --with-jvm-root-dir=/usr/lib/jvm/java-1.5.0-gcj-4.9-amd64 --with-jvm-jar-dir=/usr/lib/jvm-exports/java-1.5.0-gcj-4.9-amd64 --with-arch-directory=amd64 --with-ecj-jar=/usr/share/java/eclipse-ecj.jar --enable-objc-gc --enable-multiarch --disable-werror --with-arch-32=i686 --with-abi=m64 --with-multilib-list=m32,m64,mx32 --enable-multilib --with-tune=generic --enable-checking=release --build=x86_64-linux-gnu --host=x86_64-linux-gnu --target=x86_64-linux-gnu
Thread model: posix
gcc version 4.9.1 (Ubuntu 4.9.1-16ubuntu6) 
configure:2134: $? = 0
configure:2136: gcc -V </dev/null >&5
gcc: error: unrecognized command line option '-V'
gcc: fatal error: no input files
compilation terminated.
configure:2139: $? = 4
configure:2142: checking whether we are using the GNU C compiler
configure:2167: gcc -c   conftest.c >&5
configure:2170: $? = 0
configure:2173: test -s conftest.o
configure:2176: $? = 0
configure:2189: result: yes
configure:2195: checking whether gcc accepts -g
configure:2217: gcc -c -g  conftest.c >&5
configure:2220: $? = 0
configure:2223: test -s conftest.o
configure:2226: $? = 0
configure:2237: result: yes
configure:2254: checking for gcc option to accept ANSI C
configure:2315: gcc  -c -g -O2  conftest.c >&5
configure:2318: $? = 0
configure:2321: test -s conftest.o
configure:2324: $? = 0
configure:2342: result: none needed
configure:2360: gcc -c -g -O2  conftest.c >&5
conftest.c:2:3: error: unknown type name 'choke'
   choke me
   ^
conftest.c:2:3: error: expected '=', ',', ';', 'asm' or '__attribute__' at end of input
configure:2363: $? = 1
configure: failed program was:
| #ifndef __cplusplus
|   choke me
| #endif
configure:2477: checking how to run the C preprocessor
configure:2513: gcc -E  conftest.c
configure:2519: $? = 0
configure:2551: gcc -E  conftest.c
configure:2553:28: fatal error: ac_nonexistent.h: No such file or directory
   ac_status=$?
                            ^
compilation terminated.
configure:2557: $? = 1
configure: failed program was:
| #line 2542 "configure"
| /* confdefs.h.  */
| 
| #define PACKAGE_NAME "FULL-PACKAGE-NAME"
| #define PACKAGE_TARNAME "full-package-name"
| #define PACKAGE_VERSION "VERSION"
| #define PACKAGE_STRING "FULL-PACKAGE-NAME VERSION"
| #define PACKAGE_BUGREPORT "BUG-REPORT-ADDRESS"
| #ifdef __cplusplus
| #include <stdlib.h>
| #endif
| /* end confdefs.h.  */
| #include <ac_nonexistent.h>
configure:2595: result: gcc -E
configure:2620: gcc -E  conftest.c
configure:2626: $? = 0
configure:2658: gcc -E  conftest.c
configure:2660:28: fatal error: ac_nonexistent.h: No such file or directory
   ac_status=$?
                            ^
compilation terminated.
configure:2664: $? = 1
configure: failed program was:
| #line 2649 "configure"
| /* confdefs.h.  */
| 
| #define PACKAGE_NAME "FULL-PACKAGE-NAME"
| #define PACKAGE_TARNAME "full-package-name"
| #define PACKAGE_VERSION "VERSION"
| #define PACKAGE_STRING "FULL-PACKAGE-NAME VERSION"
| #define PACKAGE_BUGREPORT "BUG-REPORT-ADDRESS"
| #ifdef __cplusplus
| #include <stdlib.h>
| #endif
| /* end confdefs.h.  */
| #include <ac_nonexistent.h>
configure:2712: checking for egrep
configure:2722: result: grep -E
configure:2727: checking for ANSI C header files
configure:2753: gcc -c -g -O2  conftest.c >&5
configure:2756: $? = 0
configure:2759: test -s conftest.o
configure:2762: $? = 0
configure:2854: gcc -o conftest -g -O2   conftest.c  >&5
configure: In function 'main':
configure:2850:7: warning: incompatible implicit declaration of built-in function 'exit'
   exit (0);
       ^
configure:2857: $? = 0
configure:2859: ./conftest
configure:2862: $? = 0
configure:2877: result: yes
configure:2901: checking for sys/types.h
configure:2918: gcc -c -g -O2  conftest.c >&5
configure:2921: $? = 0
configure:2924: test -s conftest.o
configure:2927: $? = 0
configure:2938: result: yes
configure:2901: checking for sys/stat.h
configure:2918: gcc -c -g -O2  conftest.c >&5
configure:2921: $? = 0
configure:2924: test -s conftest.o
configure:2927: $? = 0
configure:2938: result: yes
configure:2901: checking for stdlib.h
configure:2918: gcc -c -g -O2  conftest.c >&5
configure:2921: $? = 0
configure:2924: test -s conftest.o
configure:2927: $? = 0
configure:2938: result: yes
configure:2901: checking for string.h
configure:2918: gcc -c -g -O2  conftest.c >&5
configure:2921: $? = 0
configure:2924: test -s conftest.o
configure:2927: $? = 0
configure:2938: result: yes
configure:2901: checking for memory.h
configure:2918: gcc -c -g -O2  conftest.c >&5
configure:2921: $? = 0
configure:2924: test -s conftest.o
configure:2927: $? = 0
configure:2938: result: yes
configure:2901: checking for strings.h
configure:2918: gcc -c -g -O2  conftest.c >&5
configure:2921: $? = 0
configure:2924: test -s conftest.o
configure:2927: $? = 0
configure:2938: result: yes
configure:2901: checking for inttypes.h
configure:2918: gcc -c -g -O2  conftest.c >&5
configure:2921: $? = 0
configure:2924: test -s conftest.o
configure:2927: $? = 0
configure:2938: result: yes
configure:2901: checking for stdint.h
configure:2918: gcc -c -g -O2  conftest.c >&5
configure:2921: $? = 0
configure:2924: test -s conftest.o
configure:2927: $? = 0
configure:2938: result: yes
configure:2901: checking for unistd.h
configure:2918: gcc -c -g -O2  conftest.c >&5
configure:2921: $? = 0
configure:2924: test -s conftest.o
configure:2927: $? = 0
configure:2938: result: yes
configure:2955: checking for unistd.h
configure:2960: result: yes
configure:3094: checking for stdbool.h that conforms to C99
configure:3148: gcc -c -g -O2  conftest.c >&5
configure:3147:9: warning: variably modified 'd' at file scope
 rm -f conftest.$ac_objext
         ^
configure:3149:9: warning: variably modified 'f' at file scope
   (eval $ac_compile) 2>&5
         ^
configure:3151: $? = 0
configure:3154: test -s conftest.o
configure:3157: $? = 0
configure:3168: result: yes
configure:3170: checking for _Bool
configure:3195: gcc -c -g -O2  conftest.c >&5
configure:3198: $? = 0
configure:3201: test -s conftest.o
configure:3204: $? = 0
configure:3215: result: yes
configure:3234: checking for an ANSI C-conforming const
configure:3302: gcc -c -g -O2  conftest.c >&5
configure:3305: $? = 0
configure:3308: test -s conftest.o
configure:3311: $? = 0
configure:3322: result: yes
configure:3332: checking for inline
configure:3354: gcc -c -g -O2  conftest.c >&5
configure:3357: $? = 0
configure:3360: test -s conftest.o
configure:3363: $? = 0
configure:3375: result: inline
configure:3390: checking for size_t
configure:3415: gcc -c -g -O2  conftest.c >&5
configure:3418: $? = 0
configure:3421: test -s conftest.o
configure:3424: $? = 0
configure:3435: result: yes
configure:3449: checking for working memcmp
configure:3498: gcc -o conftest -g -O2   conftest.c  >&5
configure: In function 'main':
configure:3489:5: warning: incompatible implicit declaration of built-in function 'exit'
       }
     ^
configure:3502:9: warning: incompatible implicit declaration of built-in function 'strcpy'
   (exit $ac_status); } && { ac_try='./conftest$ac_exeext'
         ^
configure:3501: $? = 0
configure:3503: ./conftest
configure:3506: $? = 0
configure:3520: result: yes
configure:3530: checking for strchr
configure:3580: gcc -o conftest -g -O2   conftest.c  >&5
configure:3575:6: warning: conflicting types for built-in function 'strchr'
   ;
      ^
configure:3583: $? = 0
configure:3586: test -s conftest
configure:3589: $? = 0
configure:3600: result: yes
configure:3530: checking for strrchr
configure:3580: gcc -o conftest -g -O2   conftest.c  >&5
configure:3576:6: warning: conflicting types for built-in function 'strrchr'
   return 0;
      ^
configure:3583: $? = 0
configure:3586: test -s conftest
configure:3589: $? = 0
configure:3600: result: yes
configure:3530: checking for strtol
configure:3580: gcc -o conftest -g -O2   conftest.c  >&5
configure:3583: $? = 0
configure:3586: test -s conftest
configure:3589: $? = 0
configure:3600: result: yes
configure:3708: creating ./config.status

## ---------------------- ##
## Running config.status. ##
## ---------------------- ##

This file was extended by FULL-PACKAGE-NAME config.status VERSION, which was
generated by GNU Autoconf 2.57.  Invocation command line was

  CONFIG_FILES    = 
  CONFIG_HEADERS  = 
  CONFIG_LINKS    = 
  CONFIG_COMMANDS = 
  $ ./config.status 

on adarshkr06-VirtualBox

config.status:610: creating Makefile
config.status:713: creating config.h
config.status:824: config.h is unchanged

## ---------------- ##
## Cache variables. ##
## ---------------- ##

ac_cv_c_compiler_gnu=yes
ac_cv_c_const=yes
ac_cv_c_inline=inline
ac_cv_cxx_compiler_gnu=yes
ac_cv_env_CC_set=
ac_cv_env_CC_value=
ac_cv_env_CFLAGS_set=
ac_cv_env_CFLAGS_value=
ac_cv_env_CPPFLAGS_set=
ac_cv_env_CPPFLAGS_value=
ac_cv_env_CPP_set=
ac_cv_env_CPP_value=
ac_cv_env_CXXFLAGS_set=
ac_cv_env_CXXFLAGS_value=
ac_cv_env_CXX_set=
ac_cv_env_CXX_value=
ac_cv_env_LDFLAGS_set=
ac_cv_env_LDFLAGS_value=
ac_cv_env_build_alias_set=
ac_cv_env_build_alias_value=
ac_cv_env_host_alias_set=
ac_cv_env_host_alias_value=
ac_cv_env_target_alias_set=
ac_cv_env_target_alias_value=
ac_cv_exeext=
ac_cv_func_memcmp_working=yes
ac_cv_func_strchr=yes
ac_cv_func_strrchr=yes
ac_cv_func_strtol=yes
ac_cv_header_inttypes_h=yes
ac_cv_header_memory_h=yes
ac_cv_header_stdbool_h=yes
ac_cv_header_stdc=yes
ac_cv_header_stdint_h=yes
ac_cv_header_stdlib_h=yes
ac_cv_header_string_h=yes
ac_cv_header_strings_h=yes
ac_cv_header_sys_stat_h=yes
ac_cv_header_sys_types_h=yes
ac_cv_header_unistd_h=yes
ac_cv_objext=o
ac_cv_prog_CPP='gcc -E'
ac_cv_prog_ac_ct_CC=gcc
ac_cv_prog_ac_ct_CXX=g++
ac_cv_prog_cc_g=yes
ac_cv_prog_cc_stdc=
ac_cv_prog_cxx_g=yes
ac_cv_prog_egrep='grep -E'
ac_cv_type__Bool=yes
ac_cv_type_size_t=yes

## ----------------- ##
## Output variables. ##
## ----------------- ##

CC='gcc'
CFLAGS='-g -O2'
CPP='gcc -E'
CPPFLAGS=''
CXX='g++'
CXXFLAGS='-g -O2'
DEFS='-DHAVE_CONFIG_H'
ECHO_C=''
ECHO_N='-n'
ECHO_T=''
EGREP='grep -E'
EXEEXT=''
LDFLAGS=''
LIBOBJS=''
LIBS=''
LTLIBOBJS=''
OBJEXT='o'
PACKAGE_BUGREPORT='BUG-REPORT-ADDRESS'
PACKAGE_NAME='FULL-PACKAGE-NAME'
PACKAGE_STRING='FULL-PACKAGE-NAME VERSION'
PACKAGE_TARNAME='full-package-name'
PACKAGE_VERSION='VERSION'
PATH_SEPARATOR=':'
SHELL='/bin/bash'
ac_ct_CC='gcc'
ac_ct_CXX='g++'
bindir='${exec_prefix}/bin'
build_alias=''
datadir='${prefix}/share'
exec_prefix='${prefix}'
host_alias=''
includedir='${prefix}/include'
infodir='${prefix}/info'
libdir='${exec_prefix}/lib'
libexecdir='${exec_prefix}/libexec'
localstatedir='${prefix}/var'
mandir='${prefix}/man'
oldincludedir='/usr/include'
prefix='/usr/local'
program_transform_name='s,x,x,'
sbindir='${exec_prefix}/sbin'
sharedstatedir='${prefix}/com'
sysconfdir='${prefix}/etc'
target_alias=''

## ----------- ##
## confdefs.h. ##
## ----------- ##

#define HAVE_INTTYPES_H 1
#define HAVE_MEMORY_H 1
#define HAVE_STDBOOL_H 1
#define HAVE_STDINT_H 1
#define HAVE_STDLIB_H 1
#define HAVE_STRCHR 1
#define HAVE_STRINGS_H 1
#define HAVE_STRING_H 1
#define HAVE_STRRCHR 1
#define HAVE_STRTOL 1
#define HAVE_SYS_STAT_H 1
#define HAVE_SYS_TYPES_H 1
#define HAVE_UNISTD_H 1
#define HAVE_UNISTD_H 1
#define HAVE__BOOL 1
#define PACKAGE_BUGREPORT "BUG-REPORT-ADDRESS"
#define PACKAGE_NAME "FULL-PACKAGE-NAME"
#define PACKAGE_STRING "FULL-PACKAGE-NAME VERSION"
#define PACKAGE_TARNAME "full-package-name"
#define PACKAGE_VERSION "VERSION"
#define STDC_HEADERS 1
#endif
#ifdef __cplusplus
#include <stdlib.h>

configure: exit 0
